<?xml version="1.0" encoding="UTF-8"?>
<!-- Generated by org.testng.reporters.JUnitXMLReporter -->
<testsuite ignored="0" hostname="LAPTOP-1OSRTK8I" failures="0" tests="2" name="Default test" time="8.625" errors="0" timestamp="2022-02-01T13:45:56 CET">
  <testcase classname="com.DD.Speedoy.Test.LoginTest" name="Verify_ValidEmail_ValidPassword" time="2.389"/>
  <testcase classname="com.DD.Speedoy.Test.LoginTest" name="Verify_ValidEmail_ValidPassword" time="2.206"/>
</testsuite> <!-- Default test -->
