<?xml version="1.0" encoding="UTF-8"?>
<testng-results ignored="0" total="2" passed="2" failed="0" skipped="0">
  <reporter-output>
  </reporter-output>
  <suite started-at="2022-02-01T13:45:47 CET" name="Default suite" finished-at="2022-02-01T13:45:56 CET" duration-ms="8625">
    <groups>
    </groups>
    <test started-at="2022-02-01T13:45:47 CET" name="Default test" finished-at="2022-02-01T13:45:56 CET" duration-ms="8625">
      <class name="com.DD.Speedoy.Test.LoginTest">
        <test-method is-config="true" signature="launchbrowser()[pri:0, instance:com.DD.Speedoy.Test.LoginTest@708f5957]" started-at="2022-02-01T13:45:47 CET" name="launchbrowser" finished-at="2022-02-01T13:45:50 CET" duration-ms="3104" status="PASS">
          <reporter-output>
          </reporter-output>
        </test-method> <!-- launchbrowser -->
        <test-method signature="Verify_ValidEmail_ValidPassword(java.lang.String,java.lang.String)[pri:1, instance:com.DD.Speedoy.Test.LoginTest@708f5957]" started-at="2022-02-01T13:45:51 CET" name="Verify_ValidEmail_ValidPassword" data-provider="getData" finished-at="2022-02-01T13:45:53 CET" duration-ms="2389" status="PASS">
          <params>
            <param index="0">
              <value>
                <![CDATA[28test@mailinator.com]]>
              </value>
            </param>
            <param index="1">
              <value>
                <![CDATA[welcome1234]]>
              </value>
            </param>
          </params>
          <reporter-output>
          </reporter-output>
        </test-method> <!-- Verify_ValidEmail_ValidPassword -->
        <test-method signature="Verify_ValidEmail_ValidPassword(java.lang.String,java.lang.String)[pri:1, instance:com.DD.Speedoy.Test.LoginTest@708f5957]" started-at="2022-02-01T13:45:53 CET" name="Verify_ValidEmail_ValidPassword" data-provider="getData" finished-at="2022-02-01T13:45:55 CET" duration-ms="2206" status="PASS">
          <params>
            <param index="0">
              <value>
                <![CDATA[2febdd@mailinator.com]]>
              </value>
            </param>
            <param index="1">
              <value>
                <![CDATA[pass123]]>
              </value>
            </param>
          </params>
          <reporter-output>
          </reporter-output>
        </test-method> <!-- Verify_ValidEmail_ValidPassword -->
        <test-method is-config="true" signature="Exitbrowser()[pri:0, instance:com.DD.Speedoy.Test.LoginTest@708f5957]" started-at="2022-02-01T13:45:55 CET" name="Exitbrowser" finished-at="2022-02-01T13:45:56 CET" duration-ms="238" status="PASS">
          <reporter-output>
          </reporter-output>
        </test-method> <!-- Exitbrowser -->
      </class> <!-- com.DD.Speedoy.Test.LoginTest -->
    </test> <!-- Default test -->
  </suite> <!-- Default suite -->
</testng-results>
